#
# A fatal error has been detected by the Java Runtime Environment:
#
#  EXCEPTION_ACCESS_VIOLATION (0xc0000005) at pc=0x0000000054429f8b, pid=9560, tid=0x000000000000248c
#
# JRE version: Java(TM) SE Runtime Environment (8.0_201-b09) (build 1.8.0_201-b09)
# Java VM: Java HotSpot(TM) 64-Bit Server VM (25.201-b09 mixed mode windows-amd64 compressed oops)
# Problematic frame:
# V  [jvm.dll+0x149f8b]
#
# Failed to write core dump. Minidumps are not enabled by default on client versions of Windows
#
# If you would like to submit a bug report, please visit:
#   http://bugreport.java.com/bugreport/crash.jsp
#

---------------  T H R E A D  ---------------

Current thread (0x000000001ab5d000):  JavaThread "JavaFX Application Thread" [_thread_in_vm, id=9356, stack(0x000000001bf10000,0x000000001c010000)]

siginfo: ExceptionCode=0xc0000005, reading address 0x0000000000000008

Registers:
RAX=0x000000001c00c5c8, RBX=0x000000001a0ec5f0, RCX=0x0000000000000000, RDX=0x000000001c00c5c0
RSP=0x000000001c00c510, RBP=0x000000001c00c610, RSI=0x0000000000000000, RDI=0x0000000000000000
R8 =0x000000001eb94b58, R9 =0x0000000000000001, R10=0x0000000000000000, R11=0x0000000000000246
R12=0x000000001a88f430, R13=0x000000001ab5d000, R14=0x00000000197d08b0, R15=0x000000001c00c6d0
RIP=0x0000000054429f8b, EFLAGS=0x0000000000010246

Top of Stack: (sp=0x000000001c00c510)
0x000000001c00c510:   000000001ab5d000 0000000000000000
0x000000001c00c520:   00007ffa2a88a7d0 0000000080000000
0x000000001c00c530:   00000000c0000388 00007ffa29f96a1c
0x000000001c00c540:   0000000000000002 0000000000000000
0x000000001c00c550:   0000000000000000 00000000197d0c98
0x000000001c00c560:   000000001c00c700 00000000000003d8
0x000000001c00c570:   00000000197d08c0 000000001ab5d1f8
0x000000001c00c580:   0000000040000000 0000000080000000
0x000000001c00c590:   00000000c0000388 00007ffa29f96a1c
0x000000001c00c5a0:   0000000000000000 00007ffa2a88a7d0
0x000000001c00c5b0:   0000000000290514 00007ffa00000287
0x000000001c00c5c0:   0000000000000006 000000001a0ec5f0
0x000000001c00c5d0:   0000000000000000 00007ffa00000001
0x000000001c00c5e0:   0000000000000000 0000000000000000
0x000000001c00c5f0:   0000000000000000 00007ffa29fa04ea
0x000000001c00c600:   0000000000000000 0000000000000100 

Instructions: (pc=0x0000000054429f8b)
0x0000000054429f6b:   08 48 8b cb e8 3c 40 ed ff 48 63 0b 8d 41 01 89
0x0000000054429f7b:   03 48 8b 43 18 48 89 34 c8 eb 05 48 89 7c 24 40
0x0000000054429f8b:   48 8b 56 08 48 8d 4c 24 70 0f b7 42 24 48 8b 52
0x0000000054429f9b:   08 48 8b 54 c2 50 e8 6a d8 0e 00 4c 8d 1d 0b 1c 


Register to memory mapping:

RAX=0x000000001c00c5c8 is pointing into the stack for thread: 0x000000001ab5d000
RBX=0x000000001a0ec5f0 is an unknown value
RCX=0x0000000000000000 is an unknown value
RDX=0x000000001c00c5c0 is pointing into the stack for thread: 0x000000001ab5d000
RSP=0x000000001c00c510 is pointing into the stack for thread: 0x000000001ab5d000
RBP=0x000000001c00c610 is pointing into the stack for thread: 0x000000001ab5d000
RSI=0x0000000000000000 is an unknown value
RDI=0x0000000000000000 is an unknown value
R8 =0x000000001eb94b58 is a global jni handle
R9 =0x0000000000000001 is an unknown value
R10=0x0000000000000000 is an unknown value
R11=0x0000000000000246 is an unknown value
R12=0x000000001a88f430 is an unknown value
R13=0x000000001ab5d000 is a thread
R14=0x00000000197d08b0 is an unknown value
R15=0x000000001c00c6d0 is pointing into the stack for thread: 0x000000001ab5d000


Stack: [0x000000001bf10000,0x000000001c010000],  sp=0x000000001c00c510,  free space=1009k
Native frames: (J=compiled Java code, j=interpreted, Vv=VM code, C=native code)
V  [jvm.dll+0x149f8b]
V  [jvm.dll+0x14fbe8]
C  [glass.dll+0x4f0c]
C  [glass.dll+0xa4bc]
C  [glass.dll+0x1848]
C  [USER32.dll+0x16d41]
C  [USER32.dll+0x1634e]
C  [USER32.dll+0x160d8]
C  [glass.dll+0x1a067]
C  0x0000000002ff1df0

Java frames: (J=compiled Java code, j=interpreted, Vv=VM code)
j  com.sun.glass.ui.win.WinView._exitFullscreen(JZ)V+0
j  com.sun.glass.ui.View.exitFullscreen(Z)V+13
j  com.sun.javafx.tk.quantum.WindowStage.applyFullScreen()V+325
j  com.sun.javafx.tk.quantum.WindowStage.setFullScreen(Z)V+50
j  com.sun.javafx.tk.quantum.WindowStage.exitFullScreen()V+2
j  com.sun.javafx.tk.quantum.WindowStage.setScene(Lcom/sun/javafx/tk/TKScene;)V+12
j  javafx.stage.Window$SceneModel.updatePeerScene(Lcom/sun/javafx/tk/TKScene;)V+18
j  javafx.stage.Window$SceneModel.invalidated()V+35
J 1745 C1 javafx.beans.property.ObjectPropertyBase.set(Ljava/lang/Object;)V (110 bytes) @ 0x00000000032477bc [0x00000000032470a0+0x71c]
j  javafx.stage.Window.setScene(Ljavafx/scene/Scene;)V+5
j  javafx.stage.Stage.setScene(Ljavafx/scene/Scene;)V+8
j  app.Main.start(Ljavafx/stage/Stage;)V+100
j  app.Main.lambda$2(Ljavafx/stage/Stage;Ljavafx/beans/value/ObservableValue;Ljava/lang/Boolean;Ljava/lang/Boolean;)V+2
j  app.Main$$Lambda$206.changed(Ljavafx/beans/value/ObservableValue;Ljava/lang/Object;Ljava/lang/Object;)V+17
j  com.sun.javafx.binding.ExpressionHelper$SingleChange.fireValueChangedEvent()V+71
J 2161 C2 com.sun.javafx.binding.ExpressionHelper.fireValueChangedEvent(Lcom/sun/javafx/binding/ExpressionHelper;)V (9 bytes) @ 0x00000000031f3ff0 [0x00000000031f3fc0+0x30]
j  javafx.beans.property.BooleanPropertyBase.fireValueChangedEvent()V+4
J 2073 C1 javafx.beans.property.BooleanPropertyBase.set(Z)V (110 bytes) @ 0x0000000003745714 [0x0000000003744f60+0x7b4]
J 2591 C1 controller.GameController.lambda$0(Ljavafx/event/ActionEvent;)V (52 bytes) @ 0x000000000391270c [0x0000000003911ec0+0x84c]
J 2590 C1 controller.GameController$$Lambda$201.handle(Ljavafx/event/Event;)V (12 bytes) @ 0x0000000003911ab4 [0x0000000003911940+0x174]
J 2587 C1 com.sun.scenario.animation.shared.TimelineClipCore.visitKeyFrame(IJ)V (85 bytes) @ 0x000000000390f9fc [0x000000000390f500+0x4fc]
J 2455 C1 com.sun.scenario.animation.shared.TimelineClipCore.playTo(J)V (353 bytes) @ 0x000000000384ce64 [0x000000000384cb40+0x324]
J 2454 C1 javafx.animation.Timeline.impl_playTo(JJ)V (9 bytes) @ 0x000000000384e5ac [0x000000000384e500+0xac]
J 2425 C1 javafx.animation.AnimationAccessorImpl.playTo(Ljavafx/animation/Animation;JJ)V (8 bytes) @ 0x000000000383ffe4 [0x000000000383fec0+0x124]
J 2506 C1 com.sun.scenario.animation.shared.InfiniteClipEnvelope.timePulse(J)V (311 bytes) @ 0x00000000038add94 [0x00000000038ad8e0+0x4b4]
J 1648 C1 javafx.animation.Animation.impl_timePulse(J)V (60 bytes) @ 0x000000000371f86c [0x000000000371f5e0+0x28c]
J 2461 C1 javafx.animation.Animation$1$$Lambda$193.run()Ljava/lang/Object; (12 bytes) @ 0x0000000003873ce4 [0x0000000003873b80+0x164]
v  ~StubRoutines::call_stub
J 1477  java.security.AccessController.doPrivileged(Ljava/security/PrivilegedAction;Ljava/security/AccessControlContext;)Ljava/lang/Object; (0 bytes) @ 0x00000000036aace6 [0x00000000036aac80+0x66]
J 2429 C1 javafx.animation.Animation$1.timePulse(J)V (56 bytes) @ 0x0000000003841c3c [0x0000000003841440+0x7fc]
J 2577 C1 com.sun.scenario.animation.AbstractMasterTimer.timePulseImpl(J)V (157 bytes) @ 0x000000000390642c [0x0000000003906260+0x1cc]
J 2472 C1 com.sun.scenario.animation.AbstractMasterTimer$MainLoop.run()V (61 bytes) @ 0x000000000386d55c [0x000000000386d260+0x2fc]
J 2469 C1 com.sun.javafx.tk.quantum.QuantumToolkit.pulse(Z)V (152 bytes) @ 0x000000000386e504 [0x000000000386e060+0x4a4]
J 2477 C1 com.sun.javafx.tk.quantum.QuantumToolkit$$Lambda$41.run()V (8 bytes) @ 0x000000000386b024 [0x000000000386ad40+0x2e4]
J 2489 C1 com.sun.glass.ui.InvokeLaterDispatcher$Future.run()V (91 bytes) @ 0x000000000385726c [0x0000000003857160+0x10c]
v  ~StubRoutines::call_stub
j  com.sun.glass.ui.win.WinApplication._runLoop(Ljava/lang/Runnable;)V+0
j  com.sun.glass.ui.win.WinApplication.lambda$null$147(ILjava/lang/Runnable;)V+8
j  com.sun.glass.ui.win.WinApplication$$Lambda$37.run()V+12
j  java.lang.Thread.run()V+11
v  ~StubRoutines::call_stub

---------------  P R O C E S S  ---------------

Java Threads: ( => current thread )
  0x0000000021615000 JavaThread "Thread-1715" daemon [_thread_blocked, id=5132, stack(0x000000002ecd0000,0x000000002edd0000)]
  0x0000000021616800 JavaThread "JFXMedia Player EventQueueThread" daemon [_thread_blocked, id=9652, stack(0x000000002ead0000,0x000000002ebd0000)]
  0x0000000021612000 JavaThread "JFXMedia Player EventQueueThread" daemon [_thread_blocked, id=10084, stack(0x000000002a490000,0x000000002a590000)]
  0x0000000021610800 JavaThread "Timer-0" daemon [_thread_blocked, id=4412, stack(0x0000000029e40000,0x0000000029f40000)]
  0x0000000021617800 JavaThread "Media Resource Disposer" daemon [_thread_blocked, id=8516, stack(0x0000000029c40000,0x0000000029d40000)]
  0x0000000021614800 JavaThread "Prism Font Disposer" daemon [_thread_blocked, id=5324, stack(0x0000000022f30000,0x0000000023030000)]
  0x0000000021613800 JavaThread "JFXMedia Player EventQueueThread" daemon [_thread_blocked, id=8268, stack(0x0000000020d80000,0x0000000020e80000)]
  0x000000001e280000 JavaThread "JavaFX-Launcher" [_thread_blocked, id=9248, stack(0x000000001f4b0000,0x000000001f5b0000)]
  0x000000001a65b000 JavaThread "Thread-2" daemon [_thread_blocked, id=9176, stack(0x000000001f3b0000,0x000000001f4b0000)]
=>0x000000001ab5d000 JavaThread "JavaFX Application Thread" [_thread_in_vm, id=9356, stack(0x000000001bf10000,0x000000001c010000)]
  0x000000001ac78800 JavaThread "Thread-1" daemon [_thread_blocked, id=6696, stack(0x000000001be10000,0x000000001bf10000)]
  0x000000001ac9e800 JavaThread "QuantumRenderer-0" daemon [_thread_blocked, id=9320, stack(0x000000001b9d0000,0x000000001bad0000)]
  0x0000000019856800 JavaThread "Service Thread" daemon [_thread_blocked, id=2020, stack(0x0000000019e50000,0x0000000019f50000)]
  0x00000000197d0000 JavaThread "C1 CompilerThread2" daemon [_thread_blocked, id=6748, stack(0x0000000019d50000,0x0000000019e50000)]
  0x00000000197e1800 JavaThread "C2 CompilerThread1" daemon [_thread_in_native, id=7484, stack(0x0000000019c50000,0x0000000019d50000)]
  0x00000000197e0800 JavaThread "C2 CompilerThread0" daemon [_thread_in_native, id=1048, stack(0x0000000019b50000,0x0000000019c50000)]
  0x0000000017aa8000 JavaThread "JDWP Command Reader" daemon [_thread_in_native, id=9260, stack(0x0000000019650000,0x0000000019750000)]
  0x0000000017aa6800 JavaThread "JDWP Event Helper Thread" daemon [_thread_blocked, id=8564, stack(0x0000000019550000,0x0000000019650000)]
  0x0000000017a91800 JavaThread "JDWP Transport Listener: dt_socket" daemon [_thread_blocked, id=840, stack(0x0000000019450000,0x0000000019550000)]
  0x0000000017a8b000 JavaThread "Attach Listener" daemon [_thread_blocked, id=9764, stack(0x0000000019010000,0x0000000019110000)]
  0x0000000017a97800 JavaThread "Signal Dispatcher" daemon [_thread_blocked, id=5420, stack(0x0000000018f10000,0x0000000019010000)]
  0x0000000017a7a800 JavaThread "Finalizer" daemon [_thread_blocked, id=9988, stack(0x0000000018cf0000,0x0000000018df0000)]
  0x0000000002fc3000 JavaThread "Reference Handler" daemon [_thread_blocked, id=7160, stack(0x0000000018bf0000,0x0000000018cf0000)]
  0x0000000002ed2800 JavaThread "main" [_thread_blocked, id=9924, stack(0x0000000002ba0000,0x0000000002ca0000)]

Other Threads:
  0x0000000017a57800 VMThread [stack: 0x0000000018af0000,0x0000000018bf0000] [id=9400]
  0x000000001994e000 WatcherThread [stack: 0x0000000019f50000,0x000000001a050000] [id=8340]

VM state:synchronizing (normal execution)

VM Mutex/Monitor currently owned by a thread:  ([mutex/lock_event])
[0x0000000000eadee0] Threads_lock - owner thread: 0x0000000017a57800

heap address: 0x0000000082400000, size: 2012 MB, Compressed Oops mode: 32-bit
Narrow klass base: 0x0000000000000000, Narrow klass shift: 3
Compressed class space size: 1073741824 Address: 0x0000000100000000

Heap:
 PSYoungGen      total 230400K, used 181167K [0x00000000d6180000, 0x00000000f6200000, 0x0000000100000000)
  eden space 229888K, 78% used [0x00000000d6180000,0x00000000e125bcd8,0x00000000e4200000)
  from space 512K, 12% used [0x00000000f6180000,0x00000000f6190000,0x00000000f6200000)
  to   space 15360K, 0% used [0x00000000f4400000,0x00000000f4400000,0x00000000f5300000)
 ParOldGen       total 86016K, used 23122K [0x0000000082400000, 0x0000000087800000, 0x00000000d6180000)
  object space 86016K, 26% used [0x0000000082400000,0x0000000083a94a58,0x0000000087800000)
 Metaspace       used 18937K, capacity 19724K, committed 19840K, reserved 1067008K
  class space    used 2445K, capacity 2641K, committed 2688K, reserved 1048576K

Card table byte_map: [0x0000000012390000,0x0000000012780000] byte_map_base: 0x0000000011f7e000

Marking Bits: (ParMarkBitMap*) 0x0000000054b04ce0
 Begin Bits: [0x0000000012e20000, 0x0000000014d90000)
 End Bits:   [0x0000000014d90000, 0x0000000016d00000)

Polling page: 0x0000000000e90000

CodeCache: size=245760Kb used=9543Kb max_used=9699Kb free=236217Kb
 bounds [0x0000000002fd0000, 0x0000000003950000, 0x0000000011fd0000]
 total_blobs=3220 nmethods=2546 adapters=594
 compilation: enabled

Compilation events (10 events):
Event: 29.430 Thread 0x00000000197d0000 2743       1       sun.nio.cs.StreamEncoder::isOpen (5 bytes)
Event: 29.430 Thread 0x00000000197d0000 nmethod 2743 0x00000000034d0c10 code [0x00000000034d0d60, 0x00000000034d0e70]
Event: 29.433 Thread 0x00000000197d0000 2744       3       java.io.BufferedOutputStream::flushBuffer (29 bytes)
Event: 29.433 Thread 0x00000000197d0000 nmethod 2744 0x00000000034d0750 code [0x00000000034d08c0, 0x00000000034d0b48]
Event: 29.433 Thread 0x00000000197d0000 2745  s    3       java.io.BufferedOutputStream::flush (12 bytes)
Event: 29.434 Thread 0x00000000197d0000 nmethod 2745 0x00000000034cff50 code [0x00000000034d00e0, 0x00000000034d05d8]
Event: 29.434 Thread 0x00000000197d0000 2746       3       java.io.OutputStream::flush (1 bytes)
Event: 29.434 Thread 0x00000000197d0000 nmethod 2746 0x00000000034cfc50 code [0x00000000034cfda0, 0x00000000034cfef0]
Event: 29.435 Thread 0x00000000197d0000 2747       3       java.io.PrintStream::ensureOpen (18 bytes)
Event: 29.435 Thread 0x00000000197d0000 nmethod 2747 0x00000000034cf790 code [0x00000000034cf900, 0x00000000034cfb68]

GC Heap History (10 events):
Event: 14.830 GC heap before
{Heap before GC invocations=6 (full 0):
 PSYoungGen      total 136192K, used 136160K [0x00000000d6180000, 0x00000000e8080000, 0x0000000100000000)
  eden space 131072K, 100% used [0x00000000d6180000,0x00000000de180000,0x00000000de180000)
  from space 5120K, 99% used [0x00000000de180000,0x00000000de678030,0x00000000de680000)
  to   space 15872K, 0% used [0x00000000e7100000,0x00000000e7100000,0x00000000e8080000)
 ParOldGen       total 86016K, used 17688K [0x0000000082400000, 0x0000000087800000, 0x00000000d6180000)
  object space 86016K, 20% used [0x0000000082400000,0x0000000083546118,0x0000000087800000)
 Metaspace       used 18634K, capacity 19344K, committed 19584K, reserved 1067008K
  class space    used 2420K, capacity 2597K, committed 2688K, reserved 1048576K
Event: 14.842 GC heap after
Heap after GC invocations=6 (full 0):
 PSYoungGen      total 276992K, used 5216K [0x00000000d6180000, 0x00000000e7f80000, 0x0000000100000000)
  eden space 262144K, 0% used [0x00000000d6180000,0x00000000d6180000,0x00000000e6180000)
  from space 14848K, 35% used [0x00000000e7100000,0x00000000e7618030,0x00000000e7f80000)
  to   space 15360K, 0% used [0x00000000e6180000,0x00000000e6180000,0x00000000e7080000)
 ParOldGen       total 86016K, used 17696K [0x0000000082400000, 0x0000000087800000, 0x00000000d6180000)
  object space 86016K, 20% used [0x0000000082400000,0x0000000083548118,0x0000000087800000)
 Metaspace       used 18634K, capacity 19344K, committed 19584K, reserved 1067008K
  class space    used 2420K, capacity 2597K, committed 2688K, reserved 1048576K
}
Event: 17.533 GC heap before
{Heap before GC invocations=7 (full 0):
 PSYoungGen      total 276992K, used 267360K [0x00000000d6180000, 0x00000000e7f80000, 0x0000000100000000)
  eden space 262144K, 100% used [0x00000000d6180000,0x00000000e6180000,0x00000000e6180000)
  from space 14848K, 35% used [0x00000000e7100000,0x00000000e7618030,0x00000000e7f80000)
  to   space 15360K, 0% used [0x00000000e6180000,0x00000000e6180000,0x00000000e7080000)
 ParOldGen       total 86016K, used 17696K [0x0000000082400000, 0x0000000087800000, 0x00000000d6180000)
  object space 86016K, 20% used [0x0000000082400000,0x0000000083548118,0x0000000087800000)
 Metaspace       used 18812K, capacity 19520K, committed 19840K, reserved 1067008K
  class space    used 2439K, capacity 2633K, committed 2688K, reserved 1048576K
Event: 17.555 GC heap after
Heap after GC invocations=7 (full 0):
 PSYoungGen      total 277504K, used 3584K [0x00000000d6180000, 0x00000000f7e80000, 0x0000000100000000)
  eden space 262144K, 0% used [0x00000000d6180000,0x00000000d6180000,0x00000000e6180000)
  from space 15360K, 23% used [0x00000000e6180000,0x00000000e6500010,0x00000000e7080000)
  to   space 14848K, 0% used [0x00000000f7000000,0x00000000f7000000,0x00000000f7e80000)
 ParOldGen       total 86016K, used 19336K [0x0000000082400000, 0x0000000087800000, 0x00000000d6180000)
  object space 86016K, 22% used [0x0000000082400000,0x00000000836e2138,0x0000000087800000)
 Metaspace       used 18812K, capacity 19520K, committed 19840K, reserved 1067008K
  class space    used 2439K, capacity 2633K, committed 2688K, reserved 1048576K
}
Event: 20.704 GC heap before
{Heap before GC invocations=8 (full 0):
 PSYoungGen      total 277504K, used 265728K [0x00000000d6180000, 0x00000000f7e80000, 0x0000000100000000)
  eden space 262144K, 100% used [0x00000000d6180000,0x00000000e6180000,0x00000000e6180000)
  from space 15360K, 23% used [0x00000000e6180000,0x00000000e6500010,0x00000000e7080000)
  to   space 14848K, 0% used [0x00000000f7000000,0x00000000f7000000,0x00000000f7e80000)
 ParOldGen       total 86016K, used 19336K [0x0000000082400000, 0x0000000087800000, 0x00000000d6180000)
  object space 86016K, 22% used [0x0000000082400000,0x00000000836e2138,0x0000000087800000)
 Metaspace       used 18829K, capacity 19520K, committed 19840K, reserved 1067008K
  class space    used 2439K, capacity 2633K, committed 2688K, reserved 1048576K
Event: 20.713 GC heap after
Heap after GC invocations=8 (full 0):
 PSYoungGen      total 252928K, used 1984K [0x00000000d6180000, 0x00000000f7200000, 0x0000000100000000)
  eden space 250880K, 0% used [0x00000000d6180000,0x00000000d6180000,0x00000000e5680000)
  from space 2048K, 96% used [0x00000000f7000000,0x00000000f71f0000,0x00000000f7200000)
  to   space 14848K, 0% used [0x00000000f5500000,0x00000000f5500000,0x00000000f6380000)
 ParOldGen       total 86016K, used 20986K [0x0000000082400000, 0x0000000087800000, 0x00000000d6180000)
  object space 86016K, 24% used [0x0000000082400000,0x000000008387ea48,0x0000000087800000)
 Metaspace       used 18829K, capacity 19520K, committed 19840K, reserved 1067008K
  class space    used 2439K, capacity 2633K, committed 2688K, reserved 1048576K
}
Event: 23.944 GC heap before
{Heap before GC invocations=9 (full 0):
 PSYoungGen      total 252928K, used 252864K [0x00000000d6180000, 0x00000000f7200000, 0x0000000100000000)
  eden space 250880K, 100% used [0x00000000d6180000,0x00000000e5680000,0x00000000e5680000)
  from space 2048K, 96% used [0x00000000f7000000,0x00000000f71f0000,0x00000000f7200000)
  to   space 14848K, 0% used [0x00000000f5500000,0x00000000f5500000,0x00000000f6380000)
 ParOldGen       total 86016K, used 20986K [0x0000000082400000, 0x0000000087800000, 0x00000000d6180000)
  object space 86016K, 24% used [0x0000000082400000,0x000000008387ea48,0x0000000087800000)
 Metaspace       used 18829K, capacity 19520K, committed 19840K, reserved 1067008K
  class space    used 2439K, capacity 2633K, committed 2688K, reserved 1048576K
Event: 23.950 GC heap after
Heap after GC invocations=9 (full 0):
 PSYoungGen      total 240640K, used 128K [0x00000000d6180000, 0x00000000f7080000, 0x0000000100000000)
  eden space 240128K, 0% used [0x00000000d6180000,0x00000000d6180000,0x00000000e4c00000)
  from space 512K, 25% used [0x00000000f5500000,0x00000000f5520000,0x00000000f5580000)
  to   space 15360K, 0% used [0x00000000f6180000,0x00000000f6180000,0x00000000f7080000)
 ParOldGen       total 86016K, used 23066K [0x0000000082400000, 0x0000000087800000, 0x00000000d6180000)
  object space 86016K, 26% used [0x0000000082400000,0x0000000083a86a58,0x0000000087800000)
 Metaspace       used 18829K, capacity 19520K, committed 19840K, reserved 1067008K
  class space    used 2439K, capacity 2633K, committed 2688K, reserved 1048576K
}
Event: 27.221 GC heap before
{Heap before GC invocations=10 (full 0):
 PSYoungGen      total 240640K, used 240256K [0x00000000d6180000, 0x00000000f7080000, 0x0000000100000000)
  eden space 240128K, 100% used [0x00000000d6180000,0x00000000e4c00000,0x00000000e4c00000)
  from space 512K, 25% used [0x00000000f5500000,0x00000000f5520000,0x00000000f5580000)
  to   space 15360K, 0% used [0x00000000f6180000,0x00000000f6180000,0x00000000f7080000)
 ParOldGen       total 86016K, used 23066K [0x0000000082400000, 0x0000000087800000, 0x00000000d6180000)
  object space 86016K, 26% used [0x0000000082400000,0x0000000083a86a58,0x0000000087800000)
 Metaspace       used 18829K, capacity 19520K, committed 19840K, reserved 1067008K
  class space    used 2439K, capacity 2633K, committed 2688K, reserved 1048576K
Event: 27.223 GC heap after
Heap after GC invocations=10 (full 0):
 PSYoungGen      total 230400K, used 64K [0x00000000d6180000, 0x00000000f6200000, 0x0000000100000000)
  eden space 229888K, 0% used [0x00000000d6180000,0x00000000d6180000,0x00000000e4200000)
  from space 512K, 12% used [0x00000000f6180000,0x00000000f6190000,0x00000000f6200000)
  to   space 15360K, 0% used [0x00000000f4400000,0x00000000f4400000,0x00000000f5300000)
 ParOldGen       total 86016K, used 23122K [0x0000000082400000, 0x0000000087800000, 0x00000000d6180000)
  object space 86016K, 26% used [0x0000000082400000,0x0000000083a94a58,0x0000000087800000)
 Metaspace       used 18829K, capacity 19520K, committed 19840K, reserved 1067008K
  class space    used 2439K, capacity 2633K, committed 2688K, reserved 1048576K
}

Deoptimization events (10 events):
Event: 28.579 Thread 0x000000001ab5d000 Uncommon trap: reason=bimorphic action=maybe_recompile pc=0x00000000031e6f2c method=java.util.regex.Pattern$5.isSatisfiedBy(I)Z @ 5
Event: 28.579 Thread 0x000000001ab5d000 Uncommon trap: reason=bimorphic action=maybe_recompile pc=0x00000000031e6f2c method=java.util.regex.Pattern$5.isSatisfiedBy(I)Z @ 5
Event: 28.649 Thread 0x000000001ab5d000 Uncommon trap: reason=class_check action=maybe_recompile pc=0x00000000037987c0 method=javafx.scene.CssStyleHelper.createStyleHelper(Ljavafx/scene/Node;)Ljavafx/scene/CssStyleHelper; @ 139
Event: 28.654 Thread 0x000000001ab5d000 Uncommon trap: reason=class_check action=maybe_recompile pc=0x00000000037987c0 method=javafx.scene.CssStyleHelper.createStyleHelper(Ljavafx/scene/Node;)Ljavafx/scene/CssStyleHelper; @ 139
Event: 28.992 Thread 0x000000001ab5d000 Uncommon trap: reason=class_check action=maybe_recompile pc=0x00000000037987c0 method=javafx.scene.CssStyleHelper.createStyleHelper(Ljavafx/scene/Node;)Ljavafx/scene/CssStyleHelper; @ 139
Event: 29.090 Thread 0x000000001ab5d000 Uncommon trap: reason=unstable_if action=reinterpret pc=0x0000000003830ea0 method=java.util.WeakHashMap.expungeStaleEntries()V @ 9
Event: 29.387 Thread 0x000000001ac9e800 Uncommon trap: reason=unstable_if action=reinterpret pc=0x0000000003852264 method=com.sun.prism.impl.BaseGraphics.validateTransformAndPaint()V @ 20
Event: 29.387 Thread 0x000000001ac9e800 Uncommon trap: reason=unstable_if action=reinterpret pc=0x00000000038ef9f4 method=com.sun.prism.impl.BaseResourceFactory.getCachedTexture(Lcom/sun/prism/Image;Lcom/sun/prism/Texture$WrapMode;Z)Lcom/sun/prism/Texture; @ 18
Event: 29.387 Thread 0x000000001ac9e800 Uncommon trap: reason=unstable_if action=reinterpret pc=0x00000000038e5e2c method=com.sun.prism.impl.BaseGraphics.validateTransformAndPaint()V @ 20
Event: 29.393 Thread 0x000000001ac9e800 Uncommon trap: reason=unstable_if action=reinterpret pc=0x00000000038e7320 method=com.sun.prism.impl.BaseGraphics.validateTransformAndPaint()V @ 20

Classes redefined (0 events):
No events

Internal exceptions (10 events):
Event: 1.166 Thread 0x0000000002ed2800 Exception <a 'java/security/PrivilegedActionException'> (0x00000000d699f588) thrown at [C:\re\workspace\8-2-build-windows-amd64-cygwin\jdk8u201\12322\hotspot\src\share\vm\prims\jvm.cpp, line 1502]
Event: 1.167 Thread 0x0000000002ed2800 Exception <a 'java/lang/NullPointerException'> (0x00000000d699ff10) thrown at [C:\re\workspace\8-2-build-windows-amd64-cygwin\jdk8u201\12322\hotspot\src\share\vm\interpreter\linkResolver.cpp, line 1185]
Event: 3.121 Thread 0x000000001ab5d000 Exception <a 'java/lang/NullPointerException'> (0x00000000d68d33d8) thrown at [C:\re\workspace\8-2-build-windows-amd64-cygwin\jdk8u201\12322\hotspot\src\share\vm\interpreter\linkResolver.cpp, line 1185]
Event: 3.121 Thread 0x000000001ab5d000 Exception <a 'java/lang/NullPointerException'> (0x00000000d68d33d8) thrown at [C:\re\workspace\8-2-build-windows-amd64-cygwin\jdk8u201\12322\hotspot\src\share\vm\prims\jvm.cpp, line 1506]
Event: 4.492 Thread 0x000000001ab5d000 Exception <a 'java/lang/ArrayIndexOutOfBoundsException'> (0x00000000d7bf8958) thrown at [C:\re\workspace\8-2-build-windows-amd64-cygwin\jdk8u201\12322\hotspot\src\share\vm\runtime\sharedRuntime.cpp, line 605]
Event: 4.494 Thread 0x000000001ab5d000 Exception <a 'java/lang/ArrayIndexOutOfBoundsException'> (0x00000000d7bfaab8) thrown at [C:\re\workspace\8-2-build-windows-amd64-cygwin\jdk8u201\12322\hotspot\src\share\vm\runtime\sharedRuntime.cpp, line 605]
Event: 4.495 Thread 0x000000001ab5d000 Exception <a 'java/lang/ArrayIndexOutOfBoundsException'> (0x00000000d7bfc850) thrown at [C:\re\workspace\8-2-build-windows-amd64-cygwin\jdk8u201\12322\hotspot\src\share\vm\runtime\sharedRuntime.cpp, line 605]
Event: 5.086 Thread 0x000000001ab5d000 Implicit null exception at 0x00000000032b0099 to 0x00000000032b0575
Event: 5.086 Thread 0x000000001ab5d000 Implicit null exception at 0x00000000032a3cd6 to 0x00000000032a4175
Event: 5.718 Thread 0x000000001ab5d000 Implicit null exception at 0x000000000341f174 to 0x000000000341f4b1

Events (10 events):
Event: 29.450 Thread 0x0000000021613000 Thread added: 0x0000000021613000
Event: 29.450 Thread 0x0000000021613000 Thread exited: 0x0000000021613000
Event: 29.451 Thread 0x0000000021613000 Thread added: 0x0000000021613000
Event: 29.451 Thread 0x0000000021613000 Thread exited: 0x0000000021613000
Event: 29.451 Thread 0x0000000021613000 Thread added: 0x0000000021613000
Event: 29.451 Thread 0x0000000021613000 Thread exited: 0x0000000021613000
Event: 29.452 Thread 0x0000000021613000 Thread added: 0x0000000021613000
Event: 29.452 Thread 0x0000000021613000 Thread exited: 0x0000000021613000
Event: 29.465 Thread 0x0000000021615000 Thread added: 0x0000000021615000
Event: 29.465 Executing VM operation: RevokeBias


Dynamic libraries:
0x00007ff76ce40000 - 0x00007ff76ce77000 	C:\Program Files\Java\jre1.8.0_201\bin\javaw.exe
0x00007ffa2a7f0000 - 0x00007ffa2a9d1000 	C:\Windows\SYSTEM32\ntdll.dll
0x00007ffa2a630000 - 0x00007ffa2a6e1000 	C:\Windows\System32\KERNEL32.DLL
0x00007ffa27960000 - 0x00007ffa27bd3000 	C:\Windows\System32\KERNELBASE.dll
0x00007ffa29420000 - 0x00007ffa294c1000 	C:\Windows\System32\ADVAPI32.dll
0x00007ffa297c0000 - 0x00007ffa2985e000 	C:\Windows\System32\msvcrt.dll
0x00007ffa29650000 - 0x00007ffa296ab000 	C:\Windows\System32\sechost.dll
0x00007ffa29940000 - 0x00007ffa29a64000 	C:\Windows\System32\RPCRT4.dll
0x00007ffa29f80000 - 0x00007ffa2a110000 	C:\Windows\System32\USER32.dll
0x00007ffa26bc0000 - 0x00007ffa26be0000 	C:\Windows\System32\win32u.dll
0x00007ffa29f40000 - 0x00007ffa29f68000 	C:\Windows\System32\GDI32.dll
0x00007ffa26c30000 - 0x00007ffa26dc2000 	C:\Windows\System32\gdi32full.dll
0x00007ffa27be0000 - 0x00007ffa27c7f000 	C:\Windows\System32\msvcp_win.dll
0x00007ffa270f0000 - 0x00007ffa271e8000 	C:\Windows\System32\ucrtbase.dll
0x00007ffa14650000 - 0x00007ffa148b9000 	C:\Windows\WinSxS\amd64_microsoft.windows.common-controls_6595b64144ccf1df_6.0.17134.765_none_fb42a1a930655896\COMCTL32.dll
0x00007ffa290f0000 - 0x00007ffa29412000 	C:\Windows\System32\combase.dll
0x00007ffa26dd0000 - 0x00007ffa26e4a000 	C:\Windows\System32\bcryptPrimitives.dll
0x00007ffa27c80000 - 0x00007ffa27cad000 	C:\Windows\System32\IMM32.DLL
0x0000000054120000 - 0x00000000541f1000 	C:\Program Files\Java\jre1.8.0_201\bin\msvcr100.dll
0x00000000542e0000 - 0x0000000054b84000 	C:\Program Files\Java\jre1.8.0_201\bin\server\jvm.dll
0x00007ffa2a280000 - 0x00007ffa2a288000 	C:\Windows\System32\PSAPI.DLL
0x00007ffa09e80000 - 0x00007ffa09e89000 	C:\Windows\SYSTEM32\WSOCK32.dll
0x00007ffa2a5c0000 - 0x00007ffa2a62c000 	C:\Windows\System32\WS2_32.dll
0x00007ffa24790000 - 0x00007ffa247b3000 	C:\Windows\SYSTEM32\WINMM.dll
0x00007ffa200b0000 - 0x00007ffa200ba000 	C:\Windows\SYSTEM32\VERSION.dll
0x00007ffa24760000 - 0x00007ffa2478a000 	C:\Windows\SYSTEM32\WINMMBASE.dll
0x00007ffa26be0000 - 0x00007ffa26c29000 	C:\Windows\System32\cfgmgr32.dll
0x00007ffa03b10000 - 0x00007ffa03b1f000 	C:\Program Files\Java\jre1.8.0_201\bin\verify.dll
0x00007ffa01080000 - 0x00007ffa010a9000 	C:\Program Files\Java\jre1.8.0_201\bin\java.dll
0x00007ffa09bf0000 - 0x00007ffa09c25000 	C:\Program Files\Java\jre1.8.0_201\bin\jdwp.dll
0x00007ffa1b830000 - 0x00007ffa1b838000 	C:\Program Files\Java\jre1.8.0_201\bin\npt.dll
0x00007ffa1a730000 - 0x00007ffa1a753000 	C:\Program Files\Java\jre1.8.0_201\bin\instrument.dll
0x00007ffa01100000 - 0x00007ffa01116000 	C:\Program Files\Java\jre1.8.0_201\bin\zip.dll
0x00007ffa27cb0000 - 0x00007ffa290f0000 	C:\Windows\System32\SHELL32.dll
0x00007ffa29710000 - 0x00007ffa297b9000 	C:\Windows\System32\shcore.dll
0x00007ffa27250000 - 0x00007ffa2795d000 	C:\Windows\System32\windows.storage.dll
0x00007ffa29860000 - 0x00007ffa298b1000 	C:\Windows\System32\shlwapi.dll
0x00007ffa26b40000 - 0x00007ffa26b51000 	C:\Windows\System32\kernel.appcore.dll
0x00007ffa26b20000 - 0x00007ffa26b3f000 	C:\Windows\System32\profapi.dll
0x00007ffa26b70000 - 0x00007ffa26bbc000 	C:\Windows\System32\powrprof.dll
0x00007ffa26b60000 - 0x00007ffa26b6a000 	C:\Windows\System32\FLTLIB.DLL
0x00007ffa1b650000 - 0x00007ffa1b659000 	C:\Program Files\Java\jre1.8.0_201\bin\dt_socket.dll
0x00007ffa02270000 - 0x00007ffa02286000 	C:\Windows\system32\napinsp.dll
0x00007ffa02250000 - 0x00007ffa0226a000 	C:\Windows\system32\pnrpnsp.dll
0x00007ffa21270000 - 0x00007ffa21289000 	C:\Windows\system32\NLAapi.dll
0x00007ffa26380000 - 0x00007ffa263e6000 	C:\Windows\System32\mswsock.dll
0x00007ffa26140000 - 0x00007ffa261fe000 	C:\Windows\SYSTEM32\DNSAPI.dll
0x00007ffa2a270000 - 0x00007ffa2a278000 	C:\Windows\System32\NSI.dll
0x00007ffa26100000 - 0x00007ffa26138000 	C:\Windows\SYSTEM32\IPHLPAPI.DLL
0x00007ffa20c90000 - 0x00007ffa20c9e000 	C:\Windows\System32\winrnr.dll
0x00007ffa1a510000 - 0x00007ffa1a582000 	C:\Windows\System32\fwpuclnt.dll
0x00007ffa26660000 - 0x00007ffa26685000 	C:\Windows\SYSTEM32\bcrypt.dll
0x00007ffa1b940000 - 0x00007ffa1b94a000 	C:\Windows\System32\rasadhlp.dll
0x0000000002ce0000 - 0x0000000002ce3000 	C:\Program Files\Java\jre1.8.0_201\bin\api-ms-win-core-console-l1-1-0.dll
0x0000000002cf0000 - 0x0000000002cf3000 	C:\Program Files\Java\jre1.8.0_201\bin\api-ms-win-core-datetime-l1-1-0.dll
0x0000000002d00000 - 0x0000000002d03000 	C:\Program Files\Java\jre1.8.0_201\bin\api-ms-win-core-debug-l1-1-0.dll
0x0000000002d20000 - 0x0000000002d23000 	C:\Program Files\Java\jre1.8.0_201\bin\api-ms-win-core-errorhandling-l1-1-0.dll
0x0000000002d30000 - 0x0000000002d34000 	C:\Program Files\Java\jre1.8.0_201\bin\api-ms-win-core-file-l1-1-0.dll
0x0000000002d40000 - 0x0000000002d43000 	C:\Program Files\Java\jre1.8.0_201\bin\api-ms-win-core-file-l1-2-0.dll
0x0000000002d50000 - 0x0000000002d53000 	C:\Program Files\Java\jre1.8.0_201\bin\api-ms-win-core-file-l2-1-0.dll
0x0000000002d60000 - 0x0000000002d63000 	C:\Program Files\Java\jre1.8.0_201\bin\api-ms-win-core-handle-l1-1-0.dll
0x0000000002d70000 - 0x0000000002d73000 	C:\Program Files\Java\jre1.8.0_201\bin\api-ms-win-core-heap-l1-1-0.dll
0x0000000002d80000 - 0x0000000002d83000 	C:\Program Files\Java\jre1.8.0_201\bin\api-ms-win-core-interlocked-l1-1-0.dll
0x0000000002d90000 - 0x0000000002d93000 	C:\Program Files\Java\jre1.8.0_201\bin\api-ms-win-core-libraryloader-l1-1-0.dll
0x0000000002da0000 - 0x0000000002da3000 	C:\Program Files\Java\jre1.8.0_201\bin\api-ms-win-core-localization-l1-2-0.dll
0x0000000002db0000 - 0x0000000002db3000 	C:\Program Files\Java\jre1.8.0_201\bin\api-ms-win-core-memory-l1-1-0.dll
0x000000001b820000 - 0x000000001b823000 	C:\Program Files\Java\jre1.8.0_201\bin\api-ms-win-core-namedpipe-l1-1-0.dll
0x000000001b830000 - 0x000000001b833000 	C:\Program Files\Java\jre1.8.0_201\bin\api-ms-win-core-processenvironment-l1-1-0.dll
0x000000001b840000 - 0x000000001b843000 	C:\Program Files\Java\jre1.8.0_201\bin\api-ms-win-core-processthreads-l1-1-0.dll
0x000000001b850000 - 0x000000001b853000 	C:\Program Files\Java\jre1.8.0_201\bin\api-ms-win-core-processthreads-l1-1-1.dll
0x000000001b860000 - 0x000000001b863000 	C:\Program Files\Java\jre1.8.0_201\bin\api-ms-win-core-profile-l1-1-0.dll
0x000000001b870000 - 0x000000001b873000 	C:\Program Files\Java\jre1.8.0_201\bin\api-ms-win-core-rtlsupport-l1-1-0.dll
0x000000001b880000 - 0x000000001b883000 	C:\Program Files\Java\jre1.8.0_201\bin\api-ms-win-core-string-l1-1-0.dll
0x000000001b890000 - 0x000000001b893000 	C:\Program Files\Java\jre1.8.0_201\bin\api-ms-win-core-synch-l1-1-0.dll
0x000000001b8a0000 - 0x000000001b8a3000 	C:\Program Files\Java\jre1.8.0_201\bin\api-ms-win-core-synch-l1-2-0.dll
0x000000001b8b0000 - 0x000000001b8b3000 	C:\Program Files\Java\jre1.8.0_201\bin\api-ms-win-core-sysinfo-l1-1-0.dll
0x000000001b8c0000 - 0x000000001b8c3000 	C:\Program Files\Java\jre1.8.0_201\bin\api-ms-win-core-timezone-l1-1-0.dll
0x000000001b8d0000 - 0x000000001b8d3000 	C:\Program Files\Java\jre1.8.0_201\bin\api-ms-win-core-util-l1-1-0.dll
0x000000001b8e0000 - 0x000000001b8e3000 	C:\Program Files\Java\jre1.8.0_201\bin\api-ms-win-crt-conio-l1-1-0.dll
0x000000001b8f0000 - 0x000000001b8f4000 	C:\Program Files\Java\jre1.8.0_201\bin\api-ms-win-crt-convert-l1-1-0.dll
0x000000001b900000 - 0x000000001b903000 	C:\Program Files\Java\jre1.8.0_201\bin\api-ms-win-crt-environment-l1-1-0.dll
0x000000001b910000 - 0x000000001b913000 	C:\Program Files\Java\jre1.8.0_201\bin\api-ms-win-crt-filesystem-l1-1-0.dll
0x000000001b920000 - 0x000000001b923000 	C:\Program Files\Java\jre1.8.0_201\bin\api-ms-win-crt-heap-l1-1-0.dll
0x000000001b930000 - 0x000000001b933000 	C:\Program Files\Java\jre1.8.0_201\bin\api-ms-win-crt-locale-l1-1-0.dll
0x000000001b940000 - 0x000000001b945000 	C:\Program Files\Java\jre1.8.0_201\bin\api-ms-win-crt-math-l1-1-0.dll
0x000000001b950000 - 0x000000001b955000 	C:\Program Files\Java\jre1.8.0_201\bin\api-ms-win-crt-multibyte-l1-1-0.dll
0x000000001b960000 - 0x000000001b970000 	C:\Program Files\Java\jre1.8.0_201\bin\api-ms-win-crt-private-l1-1-0.dll
0x000000001b970000 - 0x000000001b973000 	C:\Program Files\Java\jre1.8.0_201\bin\api-ms-win-crt-process-l1-1-0.dll
0x000000001b980000 - 0x000000001b984000 	C:\Program Files\Java\jre1.8.0_201\bin\api-ms-win-crt-runtime-l1-1-0.dll
0x000000001b990000 - 0x000000001b994000 	C:\Program Files\Java\jre1.8.0_201\bin\api-ms-win-crt-stdio-l1-1-0.dll
0x000000001b9a0000 - 0x000000001b9a4000 	C:\Program Files\Java\jre1.8.0_201\bin\api-ms-win-crt-string-l1-1-0.dll
0x000000001b9b0000 - 0x000000001b9b3000 	C:\Program Files\Java\jre1.8.0_201\bin\api-ms-win-crt-time-l1-1-0.dll
0x000000001b9c0000 - 0x000000001b9c3000 	C:\Program Files\Java\jre1.8.0_201\bin\api-ms-win-crt-utility-l1-1-0.dll
0x00007ffa067c0000 - 0x00007ffa068b6000 	C:\Program Files\Java\jre1.8.0_201\bin\ucrtbase.dll
0x00007ffa21310000 - 0x00007ffa21326000 	C:\Program Files\Java\jre1.8.0_201\bin\vcruntime140.dll
0x00007ffa05e70000 - 0x00007ffa05f0c000 	C:\Program Files\Java\jre1.8.0_201\bin\msvcp140.dll
0x00007ffa212b0000 - 0x00007ffa21301000 	C:\Program Files\Java\jre1.8.0_201\bin\concrt140.dll
0x00007ffa20c60000 - 0x00007ffa20c83000 	C:\Program Files\Java\jre1.8.0_201\bin\prism_d3d.dll
0x00007ffa05380000 - 0x00007ffa05517000 	C:\Windows\system32\d3d9.dll
0x00007ffa252a0000 - 0x00007ffa252c9000 	C:\Windows\SYSTEM32\dwmapi.dll
0x00007ffa25010000 - 0x00007ffa250a8000 	C:\Windows\system32\uxtheme.dll
0x00007ffa200c0000 - 0x00007ffa20227000 	C:\Windows\SYSTEM32\aticfx64.dll
0x00007ffa185b0000 - 0x00007ffa185d1000 	C:\Windows\SYSTEM32\atiu9p64.dll
0x00007ff9fc630000 - 0x00007ff9fd250000 	C:\Windows\SYSTEM32\igdumd64.dll
0x00007ff9ffd60000 - 0x00007ffa005b9000 	C:\Windows\SYSTEM32\atiumd64.dll
0x00007ffa18420000 - 0x00007ffa18469000 	C:\Program Files\Java\jre1.8.0_201\bin\glass.dll
0x00007ffa2a4d0000 - 0x00007ffa2a5bd000 	C:\Windows\System32\COMDLG32.dll
0x00007ffa2a110000 - 0x00007ffa2a261000 	C:\Windows\System32\ole32.dll
0x00007ffa2a6f0000 - 0x00007ffa2a7b2000 	C:\Windows\System32\OLEAUT32.dll
0x00007ffa294d0000 - 0x00007ffa29643000 	C:\Windows\System32\MSCTF.dll
0x00007ffa21290000 - 0x00007ffa212a4000 	C:\Program Files\Java\jre1.8.0_201\bin\javafx_font.dll
0x00007ffa014d0000 - 0x00007ffa01573000 	C:\Program Files\Java\jre1.8.0_201\bin\glib-lite.dll
0x00007ffa00720000 - 0x00007ffa00800000 	C:\Program Files\Java\jre1.8.0_201\bin\gstreamer-lite.dll
0x00007ff9ff980000 - 0x00007ff9ffa0f000 	C:\Windows\SYSTEM32\DSOUND.dll
0x00007ffa16dd0000 - 0x00007ffa16df7000 	C:\Program Files\Java\jre1.8.0_201\bin\jfxmedia.dll
0x00007ffa01650000 - 0x00007ffa0166a000 	C:\Program Files\Java\jre1.8.0_201\bin\net.dll
0x00007ffa214a0000 - 0x00007ffa21668000 	C:\Windows\SYSTEM32\urlmon.dll
0x00007ffa21820000 - 0x00007ffa21ac7000 	C:\Windows\SYSTEM32\iertutil.dll
0x00007ffa26530000 - 0x00007ffa2653b000 	C:\Windows\SYSTEM32\CRYPTBASE.DLL
0x00007ffa2a430000 - 0x00007ffa2a4d0000 	C:\Windows\System32\clbcatq.dll
0x00007ffa01630000 - 0x00007ffa01641000 	C:\Program Files\Java\jre1.8.0_201\bin\nio.dll
0x00007ffa236b0000 - 0x00007ffa23864000 	C:\Windows\system32\propsys.dll
0x00007ffa07130000 - 0x00007ffa07161000 	C:\Program Files\Java\jre1.8.0_201\bin\fxplugins.dll
0x00007ffa20730000 - 0x00007ffa207a6000 	C:\Windows\System32\MMDevApi.dll
0x00007ffa26910000 - 0x00007ffa26937000 	C:\Windows\System32\DEVOBJ.dll
0x00007ffa185e0000 - 0x00007ffa1870c000 	C:\Windows\SYSTEM32\AUDIOSES.DLL
0x00007ffa22e20000 - 0x00007ffa22f6d000 	C:\Windows\SYSTEM32\wintypes.dll
0x00007ffa200a0000 - 0x00007ffa200aa000 	C:\Windows\SYSTEM32\AVRT.dll

VM Arguments:
jvm_args: -agentlib:jdwp=transport=dt_socket,suspend=y,address=localhost:50102 -javaagent:C:\Users\romain\eclipse\java-2019-03\eclipse\configuration\org.eclipse.osgi\224\0\.cp\lib\javaagent-shaded.jar -Dfile.encoding=UTF-8 
java_command: app.Main
java_class_path (initial): C:\Users\romain\git\Projet-Terraria\bin;C:\Users\romain\eclipse\java-2019-03\eclipse\configuration\org.eclipse.osgi\224\0\.cp\lib\javaagent-shaded.jar
Launcher Type: SUN_STANDARD

Environment Variables:
PATH=C:/Program Files/Java/jre1.8.0_201/bin/server;C:/Program Files/Java/jre1.8.0_201/bin;C:/Program Files/Java/jre1.8.0_201/lib/amd64;C:\Program Files (x86)\Common Files\Oracle\Java\javapath;C:\Windows\system32;C:\Windows;C:\Windows\System32\Wbem;C:\Windows\System32\WindowsPowerShell\v1.0\;C:\Windows\System32\OpenSSH\;C:\Program Files (x86)\ATI Technologies\ATI.ACE\Core-Static;C:\Users\romain\AppData\Local\Microsoft\WindowsApps;;C:\Users\romain\Desktop;
USERNAME=romain
OS=Windows_NT
PROCESSOR_IDENTIFIER=Intel64 Family 6 Model 42 Stepping 7, GenuineIntel



---------------  S Y S T E M  ---------------

OS: Windows 10.0 , 64 bit Build 17134 (10.0.17134.753)

CPU:total 4 (initial active 4) (2 cores per cpu, 2 threads per core) family 6 model 42 stepping 7, cmov, cx8, fxsr, mmx, sse, sse2, sse3, ssse3, sse4.1, sse4.2, popcnt, avx, clmul, ht, tsc, tscinvbit

Memory: 4k page, physical 8236908k(4602748k free), swap 9547628k(5043360k free)

vm_info: Java HotSpot(TM) 64-Bit Server VM (25.201-b09) for windows-amd64 JRE (1.8.0_201-b09), built on Dec 15 2018 18:36:39 by "java_re" with MS VC++ 10.0 (VS2010)

time: Fri May 24 10:46:28 2019
timezone: Paris, Madrid (heure d’été)
elapsed time: 30 seconds (0d 0h 0m 30s)

